-----------------------------
-----------------------------
From classifier:<class 'sklearn.ensemble.forest.RandomForestClassifier'>, parameters: {'criterion': 'gini', 'max_depth': 5, 'max_features': 'sqrt', 'min_samples_leaf': 50, 'n_estimators': 100, 'n_jobs': 4} --- 0.8708543165826198 
Precision at 0 
Recall at 0 
F1 at 0 
Precision at 1 
Recall at 0 
F1 at 0 
Precision at 1 
Recall at 0 
F1 at 0 
Precision at 1 
Recall at 0 
F1 at 0 
Precision at 0 
Recall at 0 
F1 at 0 
Precision at 0 
Recall at 0 
F1 at 0 
Precision at 0 
Recall at 0 
F1 at 0 
-----------------------------
-----------------------------
-----------------------------
-----------------------------
From classifier:<class 'sklearn.linear_model.logistic.LogisticRegression'>, parameters: {'C': 0.01, 'penalty': 'l2'} --- 0.779300704558698 
Precision at 0 
Recall at 0 
F1 at 0 
Precision at 1 
Recall at 0 
F1 at 0 
Precision at 1 
Recall at 0 
F1 at 0 
Precision at 0 
Recall at 0 
F1 at 0 
Precision at 0 
Recall at 0 
F1 at 0 
Precision at 0 
Recall at 0 
F1 at 0 
Precision at 0 
Recall at 0 
F1 at 0 
-----------------------------
-----------------------------
-----------------------------
-----------------------------
From classifier:<class 'sklearn.neighbors.classification.KNeighborsClassifier'>, parameters: {'n_jobs': 2, 'n_neighbors': 25, 'p': 3} --- 0.6168542129124095 
Precision at 0 
Recall at 0 
F1 at 0 
Precision at 1 
Recall at 0 
F1 at 0 
Precision at 1 
Recall at 0 
F1 at 0 
Precision at 0 
Recall at 0 
F1 at 0 
Precision at 0 
Recall at 0 
F1 at 0 
Precision at 0 
Recall at 0 
F1 at 0 
Precision at 0 
Recall at 0 
F1 at 0 
-----------------------------
-----------------------------
-----------------------------
-----------------------------
From classifier:<class 'sklearn.tree.tree.DecisionTreeClassifier'>, parameters: {'max_depth': 15, 'min_samples_leaf': 10} --- 0.7989132286036363 
Precision at 0 
Recall at 0 
F1 at 0 
Precision at 1 
Recall at 0 
F1 at 0 
Precision at 0 
Recall at 0 
F1 at 0 
Precision at 0 
Recall at 0 
F1 at 0 
Precision at 0 
Recall at 0 
F1 at 0 
Precision at 0 
Recall at 0 
F1 at 0 
Precision at 0 
Recall at 0 
F1 at 0 
-----------------------------
-----------------------------
-----------------------------
-----------------------------
From classifier:<class 'sklearn.ensemble.gradient_boosting.GradientBoostingClassifier'>, parameters: {'learning_rate': 0.01, 'max_depth': 3, 'max_features': 'log2', 'n_estimators': 100} --- 0.8668165327782991 
Precision at 0 
Recall at 0 
F1 at 0 
Precision at 1 
Recall at 0 
F1 at 0 
Precision at 1 
Recall at 0 
F1 at 0 
Precision at 1 
Recall at 0 
F1 at 0 
Precision at 0 
Recall at 0 
F1 at 0 
Precision at 0 
Recall at 0 
F1 at 0 
Precision at 0 
Recall at 0 
F1 at 0 
-----------------------------
-----------------------------
-----------------------------
-----------------------------
From classifier:<class 'sklearn.ensemble.bagging.BaggingClassifier'>, parameters: {'max_samples': 0.65, 'n_jobs': 4} --- 0.8220609068181391 
Precision at 0 
Recall at 0 
F1 at 0 
Precision at 1 
Recall at 0 
F1 at 0 
Precision at 1 
Recall at 0 
F1 at 0 
Precision at 1 
Recall at 0 
F1 at 0 
Precision at 0 
Recall at 0 
F1 at 0 
Precision at 0 
Recall at 0 
F1 at 0 
Precision at 0 
Recall at 0 
F1 at 0 
-----------------------------
-----------------------------
